<?xml version="1.0" encoding="UTF-8"?>
<!-- Generated by org.testng.reporters.JUnitReportReporter -->
<testsuite hostname="DESKTOP-F459CM0" failures="0" tests="1" name="Testcases.varify_login_Page" time="17.805" errors="0" timestamp="2022-07-09T19:50:59 IST" skipped="0">
  <testcase classname="Testcases.varify_login_Page" name="LogInVaification" time="17.805"/>
  <system-out/>
</testsuite> <!-- Testcases.varify_login_Page -->
